{"/Users/dmitriy/development/react-candidate-test/src/constants.js": {"path":"/Users/dmitriy/development/react-candidate-test/src/constants.js","statementMap":{"0":{"start":{"line":4,"column":17},"end":{"line":4,"column":19}},"1":{"start":{"line":5,"column":2},"end":{"line":7,"column":3}},"2":{"start":{"line":5,"column":15},"end":{"line":5,"column":16}},"3":{"start":{"line":6,"column":4},"end":{"line":6,"column":49}},"4":{"start":{"line":8,"column":2},"end":{"line":8,"column":16}},"5":{"start":{"line":11,"column":25},"end":{"line":11,"column":40}},"6":{"start":{"line":12,"column":35},"end":{"line":12,"column":43}},"7":{"start":{"line":13,"column":32},"end":{"line":13,"column":34}},"8":{"start":{"line":14,"column":34},"end":{"line":14,"column":36}},"9":{"start":{"line":15,"column":39},"end":{"line":15,"column":40}},"10":{"start":{"line":16,"column":37},"end":{"line":16,"column":38}},"11":{"start":{"line":18,"column":34},"end":{"line":18,"column":55}},"12":{"start":{"line":19,"column":27},"end":{"line":19,"column":34}},"13":{"start":{"line":20,"column":33},"end":{"line":20,"column":40}},"14":{"start":{"line":21,"column":30},"end":{"line":21,"column":35}},"15":{"start":{"line":24,"column":32},"end":{"line":32,"column":1}}},"fnMap":{"0":{"name":"generateTimes","decl":{"start":{"line":3,"column":9},"end":{"line":3,"column":22}},"loc":{"start":{"line":3,"column":25},"end":{"line":9,"column":1}},"line":3}},"branchMap":{"0":{"loc":{"start":{"line":6,"column":16},"end":{"line":6,"column":47}},"type":"cond-expr","locations":[{"start":{"line":6,"column":25},"end":{"line":6,"column":35}},{"start":{"line":6,"column":38},"end":{"line":6,"column":47}}],"line":6}},"s":{"0":3,"1":3,"2":3,"3":72,"4":3,"5":3,"6":3,"7":3,"8":3,"9":3,"10":3,"11":3,"12":3,"13":3,"14":3,"15":3},"f":{"0":3},"b":{"0":[30,42]},"_coverageSchema":"43e27e138ebf9cfc5966b082cf9a028302ed4184","hash":"3eaa2586bc278f7f07544dc71911947b42d1f4ef"}
,"/Users/dmitriy/development/react-candidate-test/src/routes.js": {"path":"/Users/dmitriy/development/react-candidate-test/src/routes.js","statementMap":{"0":{"start":{"line":5,"column":2},"end":{"line":8,"column":4}},"1":{"start":{"line":7,"column":34},"end":{"line":7,"column":81}},"2":{"start":{"line":11,"column":20},"end":{"line":11,"column":33}}},"fnMap":{"0":{"name":"defRoute","decl":{"start":{"line":4,"column":16},"end":{"line":4,"column":24}},"loc":{"start":{"line":4,"column":34},"end":{"line":9,"column":1}},"line":4},"1":{"name":"(anonymous_1)","decl":{"start":{"line":7,"column":9},"end":{"line":7,"column":10}},"loc":{"start":{"line":7,"column":34},"end":{"line":7,"column":81}},"line":7}},"branchMap":{"0":{"loc":{"start":{"line":7,"column":18},"end":{"line":7,"column":29}},"type":"default-arg","locations":[{"start":{"line":7,"column":27},"end":{"line":7,"column":29}}],"line":7}},"s":{"0":1,"1":0,"2":1},"f":{"0":1,"1":0},"b":{"0":[0]},"_coverageSchema":"43e27e138ebf9cfc5966b082cf9a028302ed4184","hash":"12bfc1827b4284d0adae6ab111eb9a628c9ae5d7"}
,"/Users/dmitriy/development/react-candidate-test/src/components/button/index.jsx": {"path":"/Users/dmitriy/development/react-candidate-test/src/components/button/index.jsx","statementMap":{"0":{"start":{"line":5,"column":22},"end":{"line":21,"column":1}},"1":{"start":{"line":13,"column":2},"end":{"line":20,"column":14}}},"fnMap":{"0":{"name":"(anonymous_0)","decl":{"start":{"line":5,"column":22},"end":{"line":5,"column":23}},"loc":{"start":{"line":13,"column":2},"end":{"line":20,"column":14}},"line":13}},"branchMap":{"0":{"loc":{"start":{"line":9,"column":25},"end":{"line":9,"column":40}},"type":"default-arg","locations":[{"start":{"line":9,"column":32},"end":{"line":9,"column":40}}],"line":9},"1":{"loc":{"start":{"line":10,"column":36},"end":{"line":10,"column":56}},"type":"default-arg","locations":[{"start":{"line":10,"column":48},"end":{"line":10,"column":56}}],"line":10}},"s":{"0":4,"1":16},"f":{"0":16},"b":{"0":[16],"1":[16]},"_coverageSchema":"43e27e138ebf9cfc5966b082cf9a028302ed4184","hash":"f9f1a522491e22c9a11e3345e5a1934c454c41ff"}
,"/Users/dmitriy/development/react-candidate-test/src/components/footer/index.jsx": {"path":"/Users/dmitriy/development/react-candidate-test/src/components/footer/index.jsx","statementMap":{"0":{"start":{"line":3,"column":22},"end":{"line":7,"column":1}},"1":{"start":{"line":4,"column":2},"end":{"line":6,"column":11}}},"fnMap":{"0":{"name":"(anonymous_0)","decl":{"start":{"line":3,"column":22},"end":{"line":3,"column":23}},"loc":{"start":{"line":4,"column":2},"end":{"line":6,"column":11}},"line":4}},"branchMap":{},"s":{"0":2,"1":1},"f":{"0":1},"b":{},"_coverageSchema":"43e27e138ebf9cfc5966b082cf9a028302ed4184","hash":"f140d7f2647b7649ba60d5c7ff545c1170b25f1f"}
,"/Users/dmitriy/development/react-candidate-test/src/components/header/index.jsx": {"path":"/Users/dmitriy/development/react-candidate-test/src/components/header/index.jsx","statementMap":{"0":{"start":{"line":5,"column":22},"end":{"line":9,"column":1}},"1":{"start":{"line":6,"column":2},"end":{"line":8,"column":11}}},"fnMap":{"0":{"name":"(anonymous_0)","decl":{"start":{"line":5,"column":22},"end":{"line":5,"column":23}},"loc":{"start":{"line":6,"column":2},"end":{"line":8,"column":11}},"line":6}},"branchMap":{},"s":{"0":2,"1":1},"f":{"0":1},"b":{},"_coverageSchema":"43e27e138ebf9cfc5966b082cf9a028302ed4184","hash":"3455db59aa3bdccb4408b6c9ec733ac8a881c4ec"}
,"/Users/dmitriy/development/react-candidate-test/src/components/icons/backIcon.jsx": {"path":"/Users/dmitriy/development/react-candidate-test/src/components/icons/backIcon.jsx","statementMap":{"0":{"start":{"line":3,"column":24},"end":{"line":5,"column":1}},"1":{"start":{"line":4,"column":2},"end":{"line":4,"column":35}}},"fnMap":{"0":{"name":"(anonymous_0)","decl":{"start":{"line":3,"column":24},"end":{"line":3,"column":25}},"loc":{"start":{"line":4,"column":2},"end":{"line":4,"column":35}},"line":4}},"branchMap":{},"s":{"0":2,"1":1},"f":{"0":1},"b":{},"_coverageSchema":"43e27e138ebf9cfc5966b082cf9a028302ed4184","hash":"b204e0af3fa28cfeac29e414090918831ebcc852"}
,"/Users/dmitriy/development/react-candidate-test/src/components/icons/clockIcon.jsx": {"path":"/Users/dmitriy/development/react-candidate-test/src/components/icons/clockIcon.jsx","statementMap":{"0":{"start":{"line":3,"column":25},"end":{"line":5,"column":1}},"1":{"start":{"line":4,"column":2},"end":{"line":4,"column":32}}},"fnMap":{"0":{"name":"(anonymous_0)","decl":{"start":{"line":3,"column":25},"end":{"line":3,"column":26}},"loc":{"start":{"line":4,"column":2},"end":{"line":4,"column":32}},"line":4}},"branchMap":{},"s":{"0":2,"1":1},"f":{"0":1},"b":{},"_coverageSchema":"43e27e138ebf9cfc5966b082cf9a028302ed4184","hash":"7161002001b05b23a5d534fd7e05ac21fc1ee2de"}
,"/Users/dmitriy/development/react-candidate-test/src/components/icons/favoriteIcon.jsx": {"path":"/Users/dmitriy/development/react-candidate-test/src/components/icons/favoriteIcon.jsx","statementMap":{"0":{"start":{"line":3,"column":28},"end":{"line":5,"column":1}},"1":{"start":{"line":4,"column":2},"end":{"line":4,"column":29}}},"fnMap":{"0":{"name":"(anonymous_0)","decl":{"start":{"line":3,"column":28},"end":{"line":3,"column":29}},"loc":{"start":{"line":4,"column":2},"end":{"line":4,"column":29}},"line":4}},"branchMap":{},"s":{"0":2,"1":1},"f":{"0":1},"b":{},"_coverageSchema":"43e27e138ebf9cfc5966b082cf9a028302ed4184","hash":"2aecd79bea3e3c4a29ad2eb9c45ff775174ccdcc"}
,"/Users/dmitriy/development/react-candidate-test/src/components/icons/homeIcon.jsx": {"path":"/Users/dmitriy/development/react-candidate-test/src/components/icons/homeIcon.jsx","statementMap":{"0":{"start":{"line":3,"column":24},"end":{"line":5,"column":1}},"1":{"start":{"line":4,"column":2},"end":{"line":4,"column":29}}},"fnMap":{"0":{"name":"(anonymous_0)","decl":{"start":{"line":3,"column":24},"end":{"line":3,"column":25}},"loc":{"start":{"line":4,"column":2},"end":{"line":4,"column":29}},"line":4}},"branchMap":{},"s":{"0":2,"1":1},"f":{"0":1},"b":{},"_coverageSchema":"43e27e138ebf9cfc5966b082cf9a028302ed4184","hash":"e5198d5a796cde55983ca2f056df34b07b2cfa5b"}
,"/Users/dmitriy/development/react-candidate-test/src/components/icons/index.js": {"path":"/Users/dmitriy/development/react-candidate-test/src/components/icons/index.js","statementMap":{},"fnMap":{},"branchMap":{},"s":{},"f":{},"b":{},"_coverageSchema":"43e27e138ebf9cfc5966b082cf9a028302ed4184","hash":"5d86016ed48552e04d1ca33b5ad2ff45f0d3cb36"}
,"/Users/dmitriy/development/react-candidate-test/src/components/icons/listIcon.jsx": {"path":"/Users/dmitriy/development/react-candidate-test/src/components/icons/listIcon.jsx","statementMap":{"0":{"start":{"line":3,"column":24},"end":{"line":5,"column":1}},"1":{"start":{"line":4,"column":2},"end":{"line":4,"column":32}}},"fnMap":{"0":{"name":"(anonymous_0)","decl":{"start":{"line":3,"column":24},"end":{"line":3,"column":25}},"loc":{"start":{"line":4,"column":2},"end":{"line":4,"column":32}},"line":4}},"branchMap":{},"s":{"0":2,"1":1},"f":{"0":1},"b":{},"_coverageSchema":"43e27e138ebf9cfc5966b082cf9a028302ed4184","hash":"79c68c0c9370735773ff27969b0d0531a8149712"}
,"/Users/dmitriy/development/react-candidate-test/src/components/icons/repeatIcon.jsx": {"path":"/Users/dmitriy/development/react-candidate-test/src/components/icons/repeatIcon.jsx","statementMap":{"0":{"start":{"line":3,"column":26},"end":{"line":5,"column":1}},"1":{"start":{"line":4,"column":2},"end":{"line":4,"column":32}}},"fnMap":{"0":{"name":"(anonymous_0)","decl":{"start":{"line":3,"column":26},"end":{"line":3,"column":27}},"loc":{"start":{"line":4,"column":2},"end":{"line":4,"column":32}},"line":4}},"branchMap":{},"s":{"0":2,"1":1},"f":{"0":1},"b":{},"_coverageSchema":"43e27e138ebf9cfc5966b082cf9a028302ed4184","hash":"01f41518b85c4dbfe642f11d12a47562ae07ec6f"}
,"/Users/dmitriy/development/react-candidate-test/src/components/icons/searchIcon.jsx": {"path":"/Users/dmitriy/development/react-candidate-test/src/components/icons/searchIcon.jsx","statementMap":{"0":{"start":{"line":5,"column":4},"end":{"line":7,"column":6}}},"fnMap":{"0":{"name":"(anonymous_0)","decl":{"start":{"line":4,"column":2},"end":{"line":4,"column":3}},"loc":{"start":{"line":4,"column":11},"end":{"line":8,"column":3}},"line":4}},"branchMap":{},"s":{"0":1},"f":{"0":1},"b":{},"_coverageSchema":"43e27e138ebf9cfc5966b082cf9a028302ed4184","hash":"330147ecb89e6ab9d6d05a73176a5bbb91eaaf32"}
,"/Users/dmitriy/development/react-candidate-test/src/components/icons/tvIcon.jsx": {"path":"/Users/dmitriy/development/react-candidate-test/src/components/icons/tvIcon.jsx","statementMap":{"0":{"start":{"line":3,"column":22},"end":{"line":5,"column":1}},"1":{"start":{"line":4,"column":2},"end":{"line":4,"column":27}}},"fnMap":{"0":{"name":"(anonymous_0)","decl":{"start":{"line":3,"column":22},"end":{"line":3,"column":23}},"loc":{"start":{"line":4,"column":2},"end":{"line":4,"column":27}},"line":4}},"branchMap":{},"s":{"0":2,"1":1},"f":{"0":1},"b":{},"_coverageSchema":"43e27e138ebf9cfc5966b082cf9a028302ed4184","hash":"8d9a91981e8b2605f6e8694af363b63e934c0f91"}
,"/Users/dmitriy/development/react-candidate-test/src/components/icons/userIcon.jsx": {"path":"/Users/dmitriy/development/react-candidate-test/src/components/icons/userIcon.jsx","statementMap":{"0":{"start":{"line":3,"column":24},"end":{"line":5,"column":1}},"1":{"start":{"line":4,"column":2},"end":{"line":4,"column":29}}},"fnMap":{"0":{"name":"(anonymous_0)","decl":{"start":{"line":3,"column":24},"end":{"line":3,"column":25}},"loc":{"start":{"line":4,"column":2},"end":{"line":4,"column":29}},"line":4}},"branchMap":{},"s":{"0":2,"1":1},"f":{"0":1},"b":{},"_coverageSchema":"43e27e138ebf9cfc5966b082cf9a028302ed4184","hash":"a194f9bad29c866fbdee9482bb487da8527c5c18"}
,"/Users/dmitriy/development/react-candidate-test/src/components/spinner/index.jsx": {"path":"/Users/dmitriy/development/react-candidate-test/src/components/spinner/index.jsx","statementMap":{"0":{"start":{"line":4,"column":23},"end":{"line":6,"column":1}},"1":{"start":{"line":5,"column":2},"end":{"line":5,"column":58}}},"fnMap":{"0":{"name":"(anonymous_0)","decl":{"start":{"line":4,"column":23},"end":{"line":4,"column":24}},"loc":{"start":{"line":5,"column":2},"end":{"line":5,"column":58}},"line":5}},"branchMap":{},"s":{"0":2,"1":1},"f":{"0":1},"b":{},"_coverageSchema":"43e27e138ebf9cfc5966b082cf9a028302ed4184","hash":"9951a6b3c385079886e061cbed121b793d962fb9"}
,"/Users/dmitriy/development/react-candidate-test/src/containers/app/index.jsx": {"path":"/Users/dmitriy/development/react-candidate-test/src/containers/app/index.jsx","statementMap":{"0":{"start":{"line":13,"column":4},"end":{"line":31,"column":5}},"1":{"start":{"line":35,"column":4},"end":{"line":50,"column":6}}},"fnMap":{"0":{"name":"(anonymous_0)","decl":{"start":{"line":12,"column":2},"end":{"line":12,"column":3}},"loc":{"start":{"line":12,"column":17},"end":{"line":32,"column":3}},"line":12},"1":{"name":"(anonymous_1)","decl":{"start":{"line":34,"column":2},"end":{"line":34,"column":3}},"loc":{"start":{"line":34,"column":11},"end":{"line":51,"column":3}},"line":34}},"branchMap":{},"s":{"0":1,"1":1},"f":{"0":1,"1":1},"b":{},"_coverageSchema":"43e27e138ebf9cfc5966b082cf9a028302ed4184","hash":"fd584a48a65b5d60b67550e17f6e0ac64b308c90"}
,"/Users/dmitriy/development/react-candidate-test/src/containers/channels/index.jsx": {"path":"/Users/dmitriy/development/react-candidate-test/src/containers/channels/index.jsx","statementMap":{"0":{"start":{"line":15,"column":24},"end":{"line":17,"column":2}},"1":{"start":{"line":15,"column":34},"end":{"line":17,"column":1}},"2":{"start":{"line":19,"column":27},"end":{"line":21,"column":1}},"3":{"start":{"line":31,"column":28},"end":{"line":31,"column":38}},"4":{"start":{"line":32,"column":4},"end":{"line":32,"column":20}},"5":{"start":{"line":33,"column":4},"end":{"line":33,"column":29}},"6":{"start":{"line":37,"column":4},"end":{"line":37,"column":29}},"7":{"start":{"line":41,"column":4},"end":{"line":41,"column":66}},"8":{"start":{"line":45,"column":4},"end":{"line":45,"column":32}},"9":{"start":{"line":49,"column":4},"end":{"line":49,"column":60}},"10":{"start":{"line":57,"column":4},"end":{"line":66,"column":6}},"11":{"start":{"line":70,"column":49},"end":{"line":70,"column":59}},"12":{"start":{"line":71,"column":43},"end":{"line":71,"column":53}},"13":{"start":{"line":73,"column":4},"end":{"line":73,"column":39}},"14":{"start":{"line":73,"column":19},"end":{"line":73,"column":39}},"15":{"start":{"line":75,"column":4},"end":{"line":92,"column":6}}},"fnMap":{"0":{"name":"(anonymous_0)","decl":{"start":{"line":15,"column":24},"end":{"line":15,"column":25}},"loc":{"start":{"line":15,"column":34},"end":{"line":17,"column":1}},"line":15},"1":{"name":"(anonymous_1)","decl":{"start":{"line":30,"column":2},"end":{"line":30,"column":3}},"loc":{"start":{"line":30,"column":22},"end":{"line":34,"column":3}},"line":30},"2":{"name":"(anonymous_2)","decl":{"start":{"line":36,"column":2},"end":{"line":36,"column":3}},"loc":{"start":{"line":36,"column":25},"end":{"line":38,"column":3}},"line":36},"3":{"name":"(anonymous_3)","decl":{"start":{"line":40,"column":2},"end":{"line":40,"column":3}},"loc":{"start":{"line":40,"column":22},"end":{"line":42,"column":3}},"line":40},"4":{"name":"(anonymous_4)","decl":{"start":{"line":44,"column":2},"end":{"line":44,"column":3}},"loc":{"start":{"line":44,"column":22},"end":{"line":46,"column":3}},"line":44},"5":{"name":"(anonymous_5)","decl":{"start":{"line":48,"column":22},"end":{"line":48,"column":23}},"loc":{"start":{"line":48,"column":28},"end":{"line":50,"column":3}},"line":48},"6":{"name":"(anonymous_6)","decl":{"start":{"line":52,"column":21},"end":{"line":52,"column":22}},"loc":{"start":{"line":52,"column":27},"end":{"line":54,"column":3}},"line":52},"7":{"name":"(anonymous_7)","decl":{"start":{"line":56,"column":2},"end":{"line":56,"column":3}},"loc":{"start":{"line":56,"column":17},"end":{"line":67,"column":3}},"line":56},"8":{"name":"(anonymous_8)","decl":{"start":{"line":69,"column":2},"end":{"line":69,"column":3}},"loc":{"start":{"line":69,"column":11},"end":{"line":93,"column":3}},"line":69}},"branchMap":{"0":{"loc":{"start":{"line":73,"column":4},"end":{"line":73,"column":39}},"type":"if","locations":[{"start":{"line":73,"column":4},"end":{"line":73,"column":39}},{"start":{"line":73,"column":4},"end":{"line":73,"column":39}}],"line":73}},"s":{"0":1,"1":0,"2":1,"3":0,"4":0,"5":0,"6":0,"7":0,"8":0,"9":0,"10":0,"11":0,"12":0,"13":0,"14":0,"15":0},"f":{"0":0,"1":0,"2":0,"3":0,"4":0,"5":0,"6":0,"7":0,"8":0},"b":{"0":[0,0]},"_coverageSchema":"43e27e138ebf9cfc5966b082cf9a028302ed4184","hash":"c74514080e77168f08b4fd383deb437a13ace3a0"}
,"/Users/dmitriy/development/react-candidate-test/src/containers/channels/cardItem/index.jsx": {"path":"/Users/dmitriy/development/react-candidate-test/src/containers/channels/cardItem/index.jsx","statementMap":{"0":{"start":{"line":4,"column":24},"end":{"line":8,"column":1}},"1":{"start":{"line":5,"column":2},"end":{"line":7,"column":12}}},"fnMap":{"0":{"name":"(anonymous_0)","decl":{"start":{"line":4,"column":24},"end":{"line":4,"column":25}},"loc":{"start":{"line":5,"column":2},"end":{"line":7,"column":12}},"line":5}},"branchMap":{},"s":{"0":2,"1":1},"f":{"0":1},"b":{},"_coverageSchema":"43e27e138ebf9cfc5966b082cf9a028302ed4184","hash":"a6091d0e067d63627f9487f34f0bffdcf086fddf"}
,"/Users/dmitriy/development/react-candidate-test/src/containers/channels/nowButton/index.jsx": {"path":"/Users/dmitriy/development/react-candidate-test/src/containers/channels/nowButton/index.jsx","statementMap":{"0":{"start":{"line":5,"column":25},"end":{"line":9,"column":1}},"1":{"start":{"line":6,"column":2},"end":{"line":8,"column":11}}},"fnMap":{"0":{"name":"(anonymous_0)","decl":{"start":{"line":5,"column":25},"end":{"line":5,"column":26}},"loc":{"start":{"line":6,"column":2},"end":{"line":8,"column":11}},"line":6}},"branchMap":{},"s":{"0":2,"1":1},"f":{"0":1},"b":{},"_coverageSchema":"43e27e138ebf9cfc5966b082cf9a028302ed4184","hash":"0305843758efefdb86f6961c056bfc236466da86"}
,"/Users/dmitriy/development/react-candidate-test/src/containers/channels/programTable/index.jsx": {"path":"/Users/dmitriy/development/react-candidate-test/src/containers/channels/programTable/index.jsx","statementMap":{"0":{"start":{"line":16,"column":26},"end":{"line":16,"column":100}},"1":{"start":{"line":20,"column":4},"end":{"line":20,"column":17}},"2":{"start":{"line":21,"column":4},"end":{"line":21,"column":38}},"3":{"start":{"line":25,"column":26},"end":{"line":25,"column":36}},"4":{"start":{"line":26,"column":4},"end":{"line":26,"column":87}},"5":{"start":{"line":30,"column":26},"end":{"line":30,"column":36}},"6":{"start":{"line":31,"column":26},"end":{"line":31,"column":63}},"7":{"start":{"line":32,"column":4},"end":{"line":32,"column":110}},"8":{"start":{"line":36,"column":4},"end":{"line":44,"column":9}},"9":{"start":{"line":48,"column":18},"end":{"line":48,"column":56}},"10":{"start":{"line":49,"column":19},"end":{"line":49,"column":64}},"11":{"start":{"line":50,"column":17},"end":{"line":50,"column":106}},"12":{"start":{"line":51,"column":4},"end":{"line":62,"column":6}},"13":{"start":{"line":66,"column":4},"end":{"line":84,"column":9}},"14":{"start":{"line":88,"column":4},"end":{"line":95,"column":14}},"15":{"start":{"line":99,"column":36},"end":{"line":99,"column":46}},"16":{"start":{"line":100,"column":4},"end":{"line":115,"column":6}}},"fnMap":{"0":{"name":"(anonymous_0)","decl":{"start":{"line":19,"column":2},"end":{"line":19,"column":3}},"loc":{"start":{"line":19,"column":21},"end":{"line":22,"column":3}},"line":19},"1":{"name":"(anonymous_1)","decl":{"start":{"line":24,"column":20},"end":{"line":24,"column":21}},"loc":{"start":{"line":24,"column":33},"end":{"line":27,"column":3}},"line":24},"2":{"name":"(anonymous_2)","decl":{"start":{"line":29,"column":14},"end":{"line":29,"column":15}},"loc":{"start":{"line":29,"column":20},"end":{"line":33,"column":3}},"line":29},"3":{"name":"(anonymous_3)","decl":{"start":{"line":35,"column":18},"end":{"line":35,"column":19}},"loc":{"start":{"line":36,"column":4},"end":{"line":44,"column":9}},"line":36},"4":{"name":"(anonymous_4)","decl":{"start":{"line":47,"column":18},"end":{"line":47,"column":19}},"loc":{"start":{"line":47,"column":31},"end":{"line":63,"column":3}},"line":47},"5":{"name":"(anonymous_5)","decl":{"start":{"line":65,"column":30},"end":{"line":65,"column":31}},"loc":{"start":{"line":66,"column":4},"end":{"line":84,"column":9}},"line":66},"6":{"name":"(anonymous_6)","decl":{"start":{"line":87,"column":20},"end":{"line":87,"column":21}},"loc":{"start":{"line":88,"column":4},"end":{"line":95,"column":14}},"line":88},"7":{"name":"(anonymous_7)","decl":{"start":{"line":98,"column":2},"end":{"line":98,"column":3}},"loc":{"start":{"line":98,"column":11},"end":{"line":116,"column":3}},"line":98}},"branchMap":{"0":{"loc":{"start":{"line":26,"column":11},"end":{"line":26,"column":86}},"type":"binary-expr","locations":[{"start":{"line":26,"column":11},"end":{"line":26,"column":48}},{"start":{"line":26,"column":52},"end":{"line":26,"column":86}}],"line":26},"1":{"loc":{"start":{"line":54,"column":38},"end":{"line":54,"column":93}},"type":"binary-expr","locations":[{"start":{"line":54,"column":38},"end":{"line":54,"column":67}},{"start":{"line":54,"column":71},"end":{"line":54,"column":93}}],"line":54}},"s":{"0":1,"1":0,"2":0,"3":0,"4":0,"5":0,"6":0,"7":0,"8":0,"9":0,"10":0,"11":0,"12":0,"13":0,"14":0,"15":0,"16":0},"f":{"0":0,"1":0,"2":0,"3":0,"4":0,"5":0,"6":0,"7":0},"b":{"0":[0,0],"1":[0,0]},"_coverageSchema":"43e27e138ebf9cfc5966b082cf9a028302ed4184","hash":"ead2ae5df1c2448827435c1ba813df20aa63a166"}
,"/Users/dmitriy/development/react-candidate-test/src/containers/channels/timeScale/index.jsx": {"path":"/Users/dmitriy/development/react-candidate-test/src/containers/channels/timeScale/index.jsx","statementMap":{"0":{"start":{"line":5,"column":38},"end":{"line":5,"column":91}},"1":{"start":{"line":10,"column":26},"end":{"line":10,"column":36}},"2":{"start":{"line":11,"column":20},"end":{"line":11,"column":36}},"3":{"start":{"line":13,"column":4},"end":{"line":26,"column":5}},"4":{"start":{"line":30,"column":33},"end":{"line":30,"column":43}},"5":{"start":{"line":31,"column":17},"end":{"line":31,"column":45}},"6":{"start":{"line":32,"column":4},"end":{"line":59,"column":6}},"7":{"start":{"line":38,"column":12},"end":{"line":54,"column":17}}},"fnMap":{"0":{"name":"(anonymous_0)","decl":{"start":{"line":9,"column":2},"end":{"line":9,"column":3}},"loc":{"start":{"line":9,"column":20},"end":{"line":27,"column":3}},"line":9},"1":{"name":"(anonymous_1)","decl":{"start":{"line":29,"column":2},"end":{"line":29,"column":3}},"loc":{"start":{"line":29,"column":11},"end":{"line":60,"column":3}},"line":29},"2":{"name":"(anonymous_2)","decl":{"start":{"line":37,"column":20},"end":{"line":37,"column":21}},"loc":{"start":{"line":38,"column":12},"end":{"line":54,"column":17}},"line":38}},"branchMap":{"0":{"loc":{"start":{"line":52,"column":16},"end":{"line":52,"column":52}},"type":"binary-expr","locations":[{"start":{"line":52,"column":16},"end":{"line":52,"column":26}},{"start":{"line":52,"column":30},"end":{"line":52,"column":52}}],"line":52}},"s":{"0":2,"1":1,"2":1,"3":1,"4":1,"5":1,"6":1,"7":24},"f":{"0":1,"1":1,"2":24},"b":{"0":[24,1]},"_coverageSchema":"43e27e138ebf9cfc5966b082cf9a028302ed4184","hash":"1cb7c584e8c9e536a75196176e4a7ac4b3d2057c"}
,"/Users/dmitriy/development/react-candidate-test/src/containers/channels/weekdaySelector/index.jsx": {"path":"/Users/dmitriy/development/react-candidate-test/src/containers/channels/weekdaySelector/index.jsx","statementMap":{"0":{"start":{"line":9,"column":44},"end":{"line":9,"column":54}},"1":{"start":{"line":10,"column":17},"end":{"line":10,"column":46}},"2":{"start":{"line":11,"column":20},"end":{"line":11,"column":46}},"3":{"start":{"line":12,"column":4},"end":{"line":22,"column":5}},"4":{"start":{"line":16,"column":23},"end":{"line":16,"column":40}},"5":{"start":{"line":26,"column":23},"end":{"line":26,"column":33}},"6":{"start":{"line":27,"column":4},"end":{"line":33,"column":6}}},"fnMap":{"0":{"name":"(anonymous_0)","decl":{"start":{"line":8,"column":18},"end":{"line":8,"column":19}},"loc":{"start":{"line":8,"column":27},"end":{"line":23,"column":3}},"line":8},"1":{"name":"(anonymous_1)","decl":{"start":{"line":16,"column":17},"end":{"line":16,"column":18}},"loc":{"start":{"line":16,"column":23},"end":{"line":16,"column":40}},"line":16},"2":{"name":"(anonymous_2)","decl":{"start":{"line":25,"column":2},"end":{"line":25,"column":3}},"loc":{"start":{"line":25,"column":11},"end":{"line":34,"column":3}},"line":25}},"branchMap":{"0":{"loc":{"start":{"line":17,"column":38},"end":{"line":17,"column":91}},"type":"binary-expr","locations":[{"start":{"line":17,"column":38},"end":{"line":17,"column":65}},{"start":{"line":17,"column":69},"end":{"line":17,"column":91}}],"line":17}},"s":{"0":14,"1":14,"2":14,"3":14,"4":1,"5":2,"6":2},"f":{"0":14,"1":1,"2":2},"b":{"0":[14,2]},"_coverageSchema":"43e27e138ebf9cfc5966b082cf9a028302ed4184","hash":"cc96cf5448e4f279f8ee045ae72df1d74a1c1f54"}
,"/Users/dmitriy/development/react-candidate-test/src/redux/channels/channels.actions.js": {"path":"/Users/dmitriy/development/react-candidate-test/src/redux/channels/channels.actions.js","statementMap":{"0":{"start":{"line":3,"column":31},"end":{"line":5,"column":1}}},"fnMap":{},"branchMap":{},"s":{"0":1},"f":{},"b":{},"_coverageSchema":"43e27e138ebf9cfc5966b082cf9a028302ed4184","hash":"207eee7e341b5b00bd102e745a677bff061e9a38"}
,"/Users/dmitriy/development/react-candidate-test/src/redux/channels/channels.reducer.js": {"path":"/Users/dmitriy/development/react-candidate-test/src/redux/channels/channels.reducer.js","statementMap":{"0":{"start":{"line":5,"column":19},"end":{"line":18,"column":1}},"1":{"start":{"line":6,"column":17},"end":{"line":14,"column":5}},"2":{"start":{"line":6,"column":36},"end":{"line":14,"column":3}},"3":{"start":{"line":8,"column":37},"end":{"line":13,"column":5}},"4":{"start":{"line":15,"column":2},"end":{"line":17,"column":4}},"5":{"start":{"line":20,"column":36},"end":{"line":23,"column":1}}},"fnMap":{"0":{"name":"(anonymous_0)","decl":{"start":{"line":5,"column":19},"end":{"line":5,"column":20}},"loc":{"start":{"line":5,"column":35},"end":{"line":18,"column":1}},"line":5},"1":{"name":"(anonymous_1)","decl":{"start":{"line":6,"column":30},"end":{"line":6,"column":31}},"loc":{"start":{"line":6,"column":36},"end":{"line":14,"column":3}},"line":6},"2":{"name":"(anonymous_2)","decl":{"start":{"line":8,"column":31},"end":{"line":8,"column":32}},"loc":{"start":{"line":8,"column":37},"end":{"line":13,"column":5}},"line":8}},"branchMap":{},"s":{"0":1,"1":0,"2":0,"3":0,"4":0,"5":1},"f":{"0":0,"1":0,"2":0},"b":{},"_coverageSchema":"43e27e138ebf9cfc5966b082cf9a028302ed4184","hash":"bc4f4d17bb931e3e8653398dc3d2c70ddef1f2f6"}
,"/Users/dmitriy/development/react-candidate-test/src/redux/channels/channels.saga.js": {"path":"/Users/dmitriy/development/react-candidate-test/src/redux/channels/channels.saga.js","statementMap":{"0":{"start":{"line":5,"column":20},"end":{"line":7,"column":1}},"1":{"start":{"line":6,"column":23},"end":{"line":6,"column":32}},"2":{"start":{"line":10,"column":2},"end":{"line":12,"column":5}}},"fnMap":{"0":{"name":"(anonymous_0)","decl":{"start":{"line":6,"column":17},"end":{"line":6,"column":18}},"loc":{"start":{"line":6,"column":23},"end":{"line":6,"column":32}},"line":6},"1":{"name":"channelsSaga","decl":{"start":{"line":9,"column":17},"end":{"line":9,"column":29}},"loc":{"start":{"line":9,"column":32},"end":{"line":13,"column":1}},"line":9}},"branchMap":{},"s":{"0":1,"1":0,"2":0},"f":{"0":0,"1":0},"b":{},"_coverageSchema":"43e27e138ebf9cfc5966b082cf9a028302ed4184","hash":"141cd6b220b412a0b34a0b0aaef4f0f97734cc0e"}
,"/Users/dmitriy/development/react-candidate-test/src/redux/channels/index.js": {"path":"/Users/dmitriy/development/react-candidate-test/src/redux/channels/index.js","statementMap":{},"fnMap":{},"branchMap":{},"s":{},"f":{},"b":{},"_coverageSchema":"43e27e138ebf9cfc5966b082cf9a028302ed4184","hash":"70e13f7aec3796d45bbe3b649fac49ed65ecad97"}
,"/Users/dmitriy/development/react-candidate-test/src/utils/api.js": {"path":"/Users/dmitriy/development/react-candidate-test/src/utils/api.js","statementMap":{"0":{"start":{"line":1,"column":22},"end":{"line":1,"column":27}},"1":{"start":{"line":4,"column":2},"end":{"line":7,"column":65}},"2":{"start":{"line":6,"column":21},"end":{"line":6,"column":44}},"3":{"start":{"line":7,"column":23},"end":{"line":7,"column":62}},"4":{"start":{"line":11,"column":2},"end":{"line":11,"column":39}},"5":{"start":{"line":11,"column":21},"end":{"line":11,"column":37}},"6":{"start":{"line":12,"column":2},"end":{"line":15,"column":7}},"7":{"start":{"line":14,"column":6},"end":{"line":14,"column":20}},"8":{"start":{"line":20,"column":31},"end":{"line":23,"column":3}},"9":{"start":{"line":20,"column":43},"end":{"line":23,"column":3}},"10":{"start":{"line":21,"column":4},"end":{"line":21,"column":28}},"11":{"start":{"line":22,"column":4},"end":{"line":22,"column":29}},"12":{"start":{"line":24,"column":2},"end":{"line":29,"column":5}},"13":{"start":{"line":25,"column":4},"end":{"line":25,"column":78}},"14":{"start":{"line":26,"column":4},"end":{"line":28,"column":16}},"15":{"start":{"line":27,"column":6},"end":{"line":27,"column":18}},"16":{"start":{"line":33,"column":34},"end":{"line":33,"column":47}},"17":{"start":{"line":34,"column":19},"end":{"line":34,"column":45}},"18":{"start":{"line":35,"column":2},"end":{"line":35,"column":53}},"19":{"start":{"line":36,"column":2},"end":{"line":36,"column":72}},"20":{"start":{"line":37,"column":2},"end":{"line":42,"column":21}}},"fnMap":{"0":{"name":"parseJSON","decl":{"start":{"line":3,"column":9},"end":{"line":3,"column":18}},"loc":{"start":{"line":3,"column":29},"end":{"line":8,"column":1}},"line":3},"1":{"name":"(anonymous_1)","decl":{"start":{"line":6,"column":10},"end":{"line":6,"column":11}},"loc":{"start":{"line":6,"column":21},"end":{"line":6,"column":44}},"line":6},"2":{"name":"(anonymous_2)","decl":{"start":{"line":7,"column":11},"end":{"line":7,"column":12}},"loc":{"start":{"line":7,"column":23},"end":{"line":7,"column":62}},"line":7},"3":{"name":"checkStatus","decl":{"start":{"line":10,"column":9},"end":{"line":10,"column":20}},"loc":{"start":{"line":10,"column":31},"end":{"line":16,"column":1}},"line":10},"4":{"name":"(anonymous_4)","decl":{"start":{"line":13,"column":10},"end":{"line":13,"column":11}},"loc":{"start":{"line":13,"column":23},"end":{"line":15,"column":5}},"line":13},"5":{"name":"timeoutPromise","decl":{"start":{"line":18,"column":9},"end":{"line":18,"column":23}},"loc":{"start":{"line":18,"column":47},"end":{"line":30,"column":1}},"line":18},"6":{"name":"(anonymous_6)","decl":{"start":{"line":20,"column":31},"end":{"line":20,"column":32}},"loc":{"start":{"line":20,"column":43},"end":{"line":23,"column":3}},"line":20},"7":{"name":"(anonymous_7)","decl":{"start":{"line":20,"column":43},"end":{"line":20,"column":44}},"loc":{"start":{"line":20,"column":58},"end":{"line":23,"column":3}},"line":20},"8":{"name":"(anonymous_8)","decl":{"start":{"line":24,"column":21},"end":{"line":24,"column":22}},"loc":{"start":{"line":24,"column":42},"end":{"line":29,"column":3}},"line":24},"9":{"name":"(anonymous_9)","decl":{"start":{"line":26,"column":27},"end":{"line":26,"column":28}},"loc":{"start":{"line":26,"column":33},"end":{"line":28,"column":5}},"line":26},"10":{"name":"apiFetch","decl":{"start":{"line":32,"column":16},"end":{"line":32,"column":24}},"loc":{"start":{"line":32,"column":46},"end":{"line":43,"column":1}},"line":32}},"branchMap":{"0":{"loc":{"start":{"line":11,"column":2},"end":{"line":11,"column":39}},"type":"if","locations":[{"start":{"line":11,"column":2},"end":{"line":11,"column":39}},{"start":{"line":11,"column":2},"end":{"line":11,"column":39}}],"line":11},"1":{"loc":{"start":{"line":34,"column":22},"end":{"line":34,"column":35}},"type":"binary-expr","locations":[{"start":{"line":34,"column":22},"end":{"line":34,"column":29}},{"start":{"line":34,"column":33},"end":{"line":34,"column":35}}],"line":34},"2":{"loc":{"start":{"line":35,"column":20},"end":{"line":35,"column":52}},"type":"binary-expr","locations":[{"start":{"line":35,"column":20},"end":{"line":35,"column":35}},{"start":{"line":35,"column":39},"end":{"line":35,"column":52}}],"line":35}},"s":{"0":1,"1":0,"2":0,"3":0,"4":0,"5":0,"6":0,"7":0,"8":0,"9":0,"10":0,"11":0,"12":0,"13":0,"14":0,"15":0,"16":0,"17":0,"18":0,"19":0,"20":0},"f":{"0":0,"1":0,"2":0,"3":0,"4":0,"5":0,"6":0,"7":0,"8":0,"9":0,"10":0},"b":{"0":[0,0],"1":[0,0],"2":[0,0]},"_coverageSchema":"43e27e138ebf9cfc5966b082cf9a028302ed4184","hash":"c9275c6e7d5bb0526039553881f017be8facff63"}
,"/Users/dmitriy/development/react-candidate-test/src/utils/defAction.js": {"path":"/Users/dmitriy/development/react-candidate-test/src/utils/defAction.js","statementMap":{"0":{"start":{"line":3,"column":22},"end":{"line":7,"column":2}},"1":{"start":{"line":10,"column":2},"end":{"line":10,"column":42}},"2":{"start":{"line":10,"column":27},"end":{"line":10,"column":30}},"3":{"start":{"line":29,"column":2},"end":{"line":44,"column":4}},"4":{"start":{"line":31,"column":25},"end":{"line":31,"column":54}},"5":{"start":{"line":32,"column":21},"end":{"line":38,"column":7}},"6":{"start":{"line":34,"column":47},"end":{"line":37,"column":9}},"7":{"start":{"line":39,"column":6},"end":{"line":42,"column":8}}},"fnMap":{"0":{"name":"makeActionName","decl":{"start":{"line":9,"column":9},"end":{"line":9,"column":23}},"loc":{"start":{"line":9,"column":31},"end":{"line":11,"column":1}},"line":9},"1":{"name":"(anonymous_1)","decl":{"start":{"line":10,"column":22},"end":{"line":10,"column":23}},"loc":{"start":{"line":10,"column":27},"end":{"line":10,"column":30}},"line":10},"2":{"name":"defRequestActions","decl":{"start":{"line":28,"column":16},"end":{"line":28,"column":33}},"loc":{"start":{"line":28,"column":40},"end":{"line":45,"column":1}},"line":28},"3":{"name":"(anonymous_3)","decl":{"start":{"line":30,"column":33},"end":{"line":30,"column":34}},"loc":{"start":{"line":30,"column":49},"end":{"line":43,"column":5}},"line":30},"4":{"name":"(anonymous_4)","decl":{"start":{"line":34,"column":28},"end":{"line":34,"column":29}},"loc":{"start":{"line":34,"column":47},"end":{"line":37,"column":9}},"line":34}},"branchMap":{"0":{"loc":{"start":{"line":34,"column":29},"end":{"line":34,"column":41}},"type":"default-arg","locations":[{"start":{"line":34,"column":39},"end":{"line":34,"column":41}}],"line":34}},"s":{"0":1,"1":3,"2":6,"3":1,"4":3,"5":3,"6":0,"7":3},"f":{"0":3,"1":6,"2":1,"3":3,"4":0},"b":{"0":[0]},"_coverageSchema":"43e27e138ebf9cfc5966b082cf9a028302ed4184","hash":"267524208b7340c73b48a9489c837d12c214f7b5"}
,"/Users/dmitriy/development/react-candidate-test/src/utils/defReducer.js": {"path":"/Users/dmitriy/development/react-candidate-test/src/utils/defReducer.js","statementMap":{"0":{"start":{"line":3,"column":21},"end":{"line":9,"column":1}},"1":{"start":{"line":11,"column":18},"end":{"line":11,"column":32}},"2":{"start":{"line":11,"column":28},"end":{"line":11,"column":32}},"3":{"start":{"line":14,"column":2},"end":{"line":46,"column":3}},"4":{"start":{"line":15,"column":4},"end":{"line":45,"column":5}},"5":{"start":{"line":17,"column":8},"end":{"line":23,"column":10}},"6":{"start":{"line":25,"column":27},"end":{"line":25,"column":63}},"7":{"start":{"line":26,"column":21},"end":{"line":26,"column":52}},"8":{"start":{"line":27,"column":8},"end":{"line":27,"column":26}},"9":{"start":{"line":28,"column":8},"end":{"line":34,"column":10}},"10":{"start":{"line":36,"column":8},"end":{"line":42,"column":10}},"11":{"start":{"line":44,"column":8},"end":{"line":44,"column":21}}},"fnMap":{"0":{"name":"(anonymous_0)","decl":{"start":{"line":11,"column":18},"end":{"line":11,"column":19}},"loc":{"start":{"line":11,"column":28},"end":{"line":11,"column":32}},"line":11},"1":{"name":"defReducer","decl":{"start":{"line":13,"column":16},"end":{"line":13,"column":26}},"loc":{"start":{"line":13,"column":44},"end":{"line":47,"column":1}},"line":13},"2":{"name":"(anonymous_2)","decl":{"start":{"line":14,"column":9},"end":{"line":14,"column":10}},"loc":{"start":{"line":14,"column":43},"end":{"line":46,"column":3}},"line":14}},"branchMap":{"0":{"loc":{"start":{"line":14,"column":10},"end":{"line":14,"column":30}},"type":"default-arg","locations":[{"start":{"line":14,"column":18},"end":{"line":14,"column":30}}],"line":14},"1":{"loc":{"start":{"line":15,"column":4},"end":{"line":45,"column":5}},"type":"switch","locations":[{"start":{"line":16,"column":6},"end":{"line":23,"column":10}},{"start":{"line":24,"column":6},"end":{"line":34,"column":10}},{"start":{"line":35,"column":6},"end":{"line":42,"column":10}},{"start":{"line":43,"column":6},"end":{"line":44,"column":21}}],"line":15}},"s":{"0":1,"1":1,"2":0,"3":1,"4":0,"5":0,"6":0,"7":0,"8":0,"9":0,"10":0,"11":0},"f":{"0":0,"1":1,"2":0},"b":{"0":[0],"1":[0,0,0,0]},"_coverageSchema":"43e27e138ebf9cfc5966b082cf9a028302ed4184","hash":"fc48e4256046d046253996ba6098a0a06319a314"}
,"/Users/dmitriy/development/react-candidate-test/src/utils/defSaga.js": {"path":"/Users/dmitriy/development/react-candidate-test/src/utils/defSaga.js","statementMap":{"0":{"start":{"line":7,"column":12},"end":{"line":7,"column":17}},"1":{"start":{"line":15,"column":2},"end":{"line":49,"column":4}},"2":{"start":{"line":16,"column":22},"end":{"line":16,"column":28}},"3":{"start":{"line":17,"column":30},"end":{"line":17,"column":55}},"4":{"start":{"line":18,"column":20},"end":{"line":18,"column":58}},"5":{"start":{"line":19,"column":30},"end":{"line":30,"column":5}},"6":{"start":{"line":32,"column":17},"end":{"line":32,"column":19}},"7":{"start":{"line":33,"column":4},"end":{"line":39,"column":5}},"8":{"start":{"line":34,"column":6},"end":{"line":34,"column":63}},"9":{"start":{"line":35,"column":6},"end":{"line":35,"column":21}},"10":{"start":{"line":37,"column":6},"end":{"line":37,"column":25}},"11":{"start":{"line":38,"column":6},"end":{"line":38,"column":22}},"12":{"start":{"line":40,"column":4},"end":{"line":43,"column":5}},"13":{"start":{"line":41,"column":29},"end":{"line":41,"column":69}},"14":{"start":{"line":42,"column":6},"end":{"line":42,"column":56}},"15":{"start":{"line":44,"column":4},"end":{"line":48,"column":5}},"16":{"start":{"line":45,"column":6},"end":{"line":45,"column":31}},"17":{"start":{"line":46,"column":27},"end":{"line":46,"column":64}},"18":{"start":{"line":47,"column":6},"end":{"line":47,"column":54}},"19":{"start":{"line":57,"column":23},"end":{"line":62,"column":3}},"20":{"start":{"line":64,"column":2},"end":{"line":64,"column":55}},"21":{"start":{"line":68,"column":2},"end":{"line":68,"column":43}},"22":{"start":{"line":75,"column":18},"end":{"line":75,"column":31}},"23":{"start":{"line":76,"column":2},"end":{"line":76,"column":58}}},"fnMap":{"0":{"name":"buildFetch","decl":{"start":{"line":9,"column":16},"end":{"line":9,"column":26}},"loc":{"start":{"line":14,"column":2},"end":{"line":50,"column":1}},"line":14},"1":{"name":"fetchRequest","decl":{"start":{"line":15,"column":19},"end":{"line":15,"column":31}},"loc":{"start":{"line":15,"column":40},"end":{"line":49,"column":3}},"line":15},"2":{"name":"defRequestSaga","decl":{"start":{"line":52,"column":17},"end":{"line":52,"column":31}},"loc":{"start":{"line":56,"column":2},"end":{"line":65,"column":1}},"line":56},"3":{"name":"takeEveryRequest","decl":{"start":{"line":67,"column":16},"end":{"line":67,"column":32}},"loc":{"start":{"line":67,"column":49},"end":{"line":69,"column":1}},"line":67},"4":{"name":"sagaApiFetch","decl":{"start":{"line":71,"column":17},"end":{"line":71,"column":29}},"loc":{"start":{"line":74,"column":2},"end":{"line":77,"column":1}},"line":74}},"branchMap":{"0":{"loc":{"start":{"line":18,"column":20},"end":{"line":18,"column":58}},"type":"cond-expr","locations":[{"start":{"line":18,"column":40},"end":{"line":18,"column":52}},{"start":{"line":18,"column":55},"end":{"line":18,"column":58}}],"line":18},"1":{"loc":{"start":{"line":19,"column":30},"end":{"line":30,"column":5}},"type":"cond-expr","locations":[{"start":{"line":20,"column":8},"end":{"line":23,"column":7}},{"start":{"line":23,"column":10},"end":{"line":30,"column":5}}],"line":19},"2":{"loc":{"start":{"line":40,"column":4},"end":{"line":43,"column":5}},"type":"if","locations":[{"start":{"line":40,"column":4},"end":{"line":43,"column":5}},{"start":{"line":40,"column":4},"end":{"line":43,"column":5}}],"line":40},"3":{"loc":{"start":{"line":44,"column":4},"end":{"line":48,"column":5}},"type":"if","locations":[{"start":{"line":44,"column":4},"end":{"line":48,"column":5}},{"start":{"line":44,"column":4},"end":{"line":48,"column":5}}],"line":44},"4":{"loc":{"start":{"line":55,"column":2},"end":{"line":55,"column":14}},"type":"default-arg","locations":[{"start":{"line":55,"column":12},"end":{"line":55,"column":14}}],"line":55},"5":{"loc":{"start":{"line":73,"column":2},"end":{"line":73,"column":25}},"type":"default-arg","locations":[{"start":{"line":73,"column":12},"end":{"line":73,"column":25}}],"line":73}},"s":{"0":1,"1":0,"2":0,"3":0,"4":0,"5":0,"6":0,"7":0,"8":0,"9":0,"10":0,"11":0,"12":0,"13":0,"14":0,"15":0,"16":0,"17":0,"18":0,"19":0,"20":0,"21":0,"22":0,"23":0},"f":{"0":0,"1":0,"2":0,"3":0,"4":0},"b":{"0":[0,0],"1":[0,0],"2":[0,0],"3":[0,0],"4":[0],"5":[0]},"_coverageSchema":"43e27e138ebf9cfc5966b082cf9a028302ed4184","hash":"47f09d46e914215dcd270cdf7296b41976cfb15e"}
,"/Users/dmitriy/development/react-candidate-test/src/utils/pageObjectBase.js": {"path":"/Users/dmitriy/development/react-candidate-test/src/utils/pageObjectBase.js","statementMap":{"0":{"start":{"line":5,"column":26},"end":{"line":8,"column":2}},"1":{"start":{"line":6,"column":33},"end":{"line":6,"column":66}},"2":{"start":{"line":7,"column":31},"end":{"line":7,"column":62}},"3":{"start":{"line":15,"column":4},"end":{"line":15,"column":28}},"4":{"start":{"line":16,"column":4},"end":{"line":16,"column":24}},"5":{"start":{"line":17,"column":4},"end":{"line":17,"column":20}},"6":{"start":{"line":18,"column":4},"end":{"line":18,"column":29}},"7":{"start":{"line":19,"column":4},"end":{"line":19,"column":41}},"8":{"start":{"line":20,"column":4},"end":{"line":20,"column":23}},"9":{"start":{"line":22,"column":4},"end":{"line":22,"column":22}},"10":{"start":{"line":23,"column":4},"end":{"line":23,"column":49}},"11":{"start":{"line":24,"column":4},"end":{"line":24,"column":31}},"12":{"start":{"line":25,"column":4},"end":{"line":25,"column":27}},"13":{"start":{"line":26,"column":4},"end":{"line":26,"column":20}},"14":{"start":{"line":27,"column":4},"end":{"line":27,"column":31}},"15":{"start":{"line":31,"column":4},"end":{"line":31,"column":74}},"16":{"start":{"line":35,"column":4},"end":{"line":35,"column":14}},"17":{"start":{"line":39,"column":4},"end":{"line":41,"column":5}},"18":{"start":{"line":40,"column":6},"end":{"line":40,"column":62}},"19":{"start":{"line":42,"column":4},"end":{"line":42,"column":32}},"20":{"start":{"line":46,"column":4},"end":{"line":46,"column":73}},"21":{"start":{"line":50,"column":4},"end":{"line":52,"column":5}},"22":{"start":{"line":51,"column":6},"end":{"line":51,"column":78}},"23":{"start":{"line":53,"column":4},"end":{"line":53,"column":57}},"24":{"start":{"line":53,"column":32},"end":{"line":53,"column":56}},"25":{"start":{"line":57,"column":4},"end":{"line":57,"column":40}},"26":{"start":{"line":57,"column":31},"end":{"line":57,"column":38}},"27":{"start":{"line":58,"column":4},"end":{"line":58,"column":41}},"28":{"start":{"line":62,"column":4},"end":{"line":62,"column":76}},"29":{"start":{"line":62,"column":26},"end":{"line":62,"column":74}},"30":{"start":{"line":63,"column":4},"end":{"line":63,"column":31}},"31":{"start":{"line":64,"column":4},"end":{"line":64,"column":45}},"32":{"start":{"line":68,"column":4},"end":{"line":68,"column":93}},"33":{"start":{"line":68,"column":36},"end":{"line":68,"column":91}},"34":{"start":{"line":69,"column":4},"end":{"line":69,"column":40}},"35":{"start":{"line":73,"column":4},"end":{"line":73,"column":73}},"36":{"start":{"line":73,"column":28},"end":{"line":73,"column":71}},"37":{"start":{"line":74,"column":4},"end":{"line":74,"column":44}},"38":{"start":{"line":78,"column":21},"end":{"line":78,"column":45}},"39":{"start":{"line":79,"column":4},"end":{"line":79,"column":62}},"40":{"start":{"line":79,"column":21},"end":{"line":79,"column":60}},"41":{"start":{"line":80,"column":4},"end":{"line":80,"column":52}},"42":{"start":{"line":84,"column":18},"end":{"line":88,"column":10}},"43":{"start":{"line":85,"column":6},"end":{"line":85,"column":42}},"44":{"start":{"line":86,"column":6},"end":{"line":86,"column":33}},"45":{"start":{"line":87,"column":6},"end":{"line":87,"column":17}},"46":{"start":{"line":90,"column":4},"end":{"line":90,"column":45}},"47":{"start":{"line":94,"column":4},"end":{"line":99,"column":5}},"48":{"start":{"line":95,"column":6},"end":{"line":97,"column":7}},"49":{"start":{"line":96,"column":8},"end":{"line":96,"column":93}},"50":{"start":{"line":98,"column":6},"end":{"line":98,"column":13}},"51":{"start":{"line":100,"column":4},"end":{"line":100,"column":47}},"52":{"start":{"line":100,"column":38},"end":{"line":100,"column":45}},"53":{"start":{"line":101,"column":26},"end":{"line":105,"column":10}},"54":{"start":{"line":102,"column":6},"end":{"line":102,"column":60}},"55":{"start":{"line":103,"column":6},"end":{"line":103,"column":33}},"56":{"start":{"line":104,"column":6},"end":{"line":104,"column":17}},"57":{"start":{"line":106,"column":4},"end":{"line":106,"column":47}},"58":{"start":{"line":110,"column":4},"end":{"line":110,"column":93}},"59":{"start":{"line":110,"column":27},"end":{"line":110,"column":91}},"60":{"start":{"line":111,"column":4},"end":{"line":113,"column":5}},"61":{"start":{"line":112,"column":6},"end":{"line":112,"column":151}},"62":{"start":{"line":114,"column":21},"end":{"line":114,"column":59}},"63":{"start":{"line":115,"column":4},"end":{"line":117,"column":5}},"64":{"start":{"line":116,"column":6},"end":{"line":116,"column":129}},"65":{"start":{"line":118,"column":24},"end":{"line":120,"column":24}},"66":{"start":{"line":121,"column":4},"end":{"line":124,"column":6}}},"fnMap":{"0":{"name":"(anonymous_0)","decl":{"start":{"line":6,"column":11},"end":{"line":6,"column":12}},"loc":{"start":{"line":6,"column":33},"end":{"line":6,"column":66}},"line":6},"1":{"name":"(anonymous_1)","decl":{"start":{"line":7,"column":9},"end":{"line":7,"column":10}},"loc":{"start":{"line":7,"column":31},"end":{"line":7,"column":62}},"line":7},"2":{"name":"(anonymous_2)","decl":{"start":{"line":11,"column":2},"end":{"line":11,"column":3}},"loc":{"start":{"line":14,"column":22},"end":{"line":28,"column":3}},"line":14},"3":{"name":"(anonymous_3)","decl":{"start":{"line":30,"column":2},"end":{"line":30,"column":3}},"loc":{"start":{"line":30,"column":15},"end":{"line":32,"column":3}},"line":30},"4":{"name":"(anonymous_4)","decl":{"start":{"line":34,"column":2},"end":{"line":34,"column":3}},"loc":{"start":{"line":34,"column":15},"end":{"line":36,"column":3}},"line":34},"5":{"name":"(anonymous_5)","decl":{"start":{"line":38,"column":2},"end":{"line":38,"column":3}},"loc":{"start":{"line":38,"column":13},"end":{"line":43,"column":3}},"line":38},"6":{"name":"(anonymous_6)","decl":{"start":{"line":45,"column":2},"end":{"line":45,"column":3}},"loc":{"start":{"line":45,"column":38},"end":{"line":47,"column":3}},"line":45},"7":{"name":"(anonymous_7)","decl":{"start":{"line":49,"column":2},"end":{"line":49,"column":3}},"loc":{"start":{"line":49,"column":29},"end":{"line":54,"column":3}},"line":49},"8":{"name":"(anonymous_8)","decl":{"start":{"line":53,"column":26},"end":{"line":53,"column":27}},"loc":{"start":{"line":53,"column":32},"end":{"line":53,"column":56}},"line":53},"9":{"name":"(anonymous_9)","decl":{"start":{"line":56,"column":2},"end":{"line":56,"column":3}},"loc":{"start":{"line":56,"column":43},"end":{"line":59,"column":3}},"line":56},"10":{"name":"(anonymous_10)","decl":{"start":{"line":61,"column":2},"end":{"line":61,"column":3}},"loc":{"start":{"line":61,"column":44},"end":{"line":65,"column":3}},"line":61},"11":{"name":"(anonymous_11)","decl":{"start":{"line":67,"column":2},"end":{"line":67,"column":3}},"loc":{"start":{"line":67,"column":35},"end":{"line":70,"column":3}},"line":67},"12":{"name":"(anonymous_12)","decl":{"start":{"line":72,"column":2},"end":{"line":72,"column":3}},"loc":{"start":{"line":72,"column":36},"end":{"line":75,"column":3}},"line":72},"13":{"name":"(anonymous_13)","decl":{"start":{"line":77,"column":2},"end":{"line":77,"column":3}},"loc":{"start":{"line":77,"column":24},"end":{"line":81,"column":3}},"line":77},"14":{"name":"(anonymous_14)","decl":{"start":{"line":83,"column":2},"end":{"line":83,"column":3}},"loc":{"start":{"line":83,"column":20},"end":{"line":91,"column":3}},"line":83},"15":{"name":"(anonymous_15)","decl":{"start":{"line":84,"column":40},"end":{"line":84,"column":41}},"loc":{"start":{"line":84,"column":74},"end":{"line":88,"column":5}},"line":84},"16":{"name":"(anonymous_16)","decl":{"start":{"line":93,"column":2},"end":{"line":93,"column":3}},"loc":{"start":{"line":93,"column":24},"end":{"line":107,"column":3}},"line":93},"17":{"name":"(anonymous_17)","decl":{"start":{"line":101,"column":52},"end":{"line":101,"column":53}},"loc":{"start":{"line":101,"column":66},"end":{"line":105,"column":5}},"line":101},"18":{"name":"(anonymous_18)","decl":{"start":{"line":109,"column":2},"end":{"line":109,"column":3}},"loc":{"start":{"line":109,"column":13},"end":{"line":125,"column":3}},"line":109}},"branchMap":{"0":{"loc":{"start":{"line":11,"column":14},"end":{"line":14,"column":20}},"type":"default-arg","locations":[{"start":{"line":14,"column":18},"end":{"line":14,"column":20}}],"line":11},"1":{"loc":{"start":{"line":12,"column":16},"end":{"line":12,"column":26}},"type":"default-arg","locations":[{"start":{"line":12,"column":24},"end":{"line":12,"column":26}}],"line":12},"2":{"loc":{"start":{"line":39,"column":4},"end":{"line":41,"column":5}},"type":"if","locations":[{"start":{"line":39,"column":4},"end":{"line":41,"column":5}},{"start":{"line":39,"column":4},"end":{"line":41,"column":5}}],"line":39},"3":{"loc":{"start":{"line":50,"column":4},"end":{"line":52,"column":5}},"type":"if","locations":[{"start":{"line":50,"column":4},"end":{"line":52,"column":5}},{"start":{"line":50,"column":4},"end":{"line":52,"column":5}}],"line":50},"4":{"loc":{"start":{"line":57,"column":4},"end":{"line":57,"column":40}},"type":"if","locations":[{"start":{"line":57,"column":4},"end":{"line":57,"column":40}},{"start":{"line":57,"column":4},"end":{"line":57,"column":40}}],"line":57},"5":{"loc":{"start":{"line":62,"column":4},"end":{"line":62,"column":76}},"type":"if","locations":[{"start":{"line":62,"column":4},"end":{"line":62,"column":76}},{"start":{"line":62,"column":4},"end":{"line":62,"column":76}}],"line":62},"6":{"loc":{"start":{"line":68,"column":4},"end":{"line":68,"column":93}},"type":"if","locations":[{"start":{"line":68,"column":4},"end":{"line":68,"column":93}},{"start":{"line":68,"column":4},"end":{"line":68,"column":93}}],"line":68},"7":{"loc":{"start":{"line":72,"column":17},"end":{"line":72,"column":34}},"type":"default-arg","locations":[{"start":{"line":72,"column":28},"end":{"line":72,"column":34}}],"line":72},"8":{"loc":{"start":{"line":73,"column":4},"end":{"line":73,"column":73}},"type":"if","locations":[{"start":{"line":73,"column":4},"end":{"line":73,"column":73}},{"start":{"line":73,"column":4},"end":{"line":73,"column":73}}],"line":73},"9":{"loc":{"start":{"line":79,"column":4},"end":{"line":79,"column":62}},"type":"if","locations":[{"start":{"line":79,"column":4},"end":{"line":79,"column":62}},{"start":{"line":79,"column":4},"end":{"line":79,"column":62}}],"line":79},"10":{"loc":{"start":{"line":94,"column":4},"end":{"line":99,"column":5}},"type":"if","locations":[{"start":{"line":94,"column":4},"end":{"line":99,"column":5}},{"start":{"line":94,"column":4},"end":{"line":99,"column":5}}],"line":94},"11":{"loc":{"start":{"line":95,"column":6},"end":{"line":97,"column":7}},"type":"if","locations":[{"start":{"line":95,"column":6},"end":{"line":97,"column":7}},{"start":{"line":95,"column":6},"end":{"line":97,"column":7}}],"line":95},"12":{"loc":{"start":{"line":100,"column":4},"end":{"line":100,"column":47}},"type":"if","locations":[{"start":{"line":100,"column":4},"end":{"line":100,"column":47}},{"start":{"line":100,"column":4},"end":{"line":100,"column":47}}],"line":100},"13":{"loc":{"start":{"line":110,"column":4},"end":{"line":110,"column":93}},"type":"if","locations":[{"start":{"line":110,"column":4},"end":{"line":110,"column":93}},{"start":{"line":110,"column":4},"end":{"line":110,"column":93}}],"line":110},"14":{"loc":{"start":{"line":111,"column":4},"end":{"line":113,"column":5}},"type":"if","locations":[{"start":{"line":111,"column":4},"end":{"line":113,"column":5}},{"start":{"line":111,"column":4},"end":{"line":113,"column":5}}],"line":111},"15":{"loc":{"start":{"line":115,"column":4},"end":{"line":117,"column":5}},"type":"if","locations":[{"start":{"line":115,"column":4},"end":{"line":117,"column":5}},{"start":{"line":115,"column":4},"end":{"line":117,"column":5}}],"line":115},"16":{"loc":{"start":{"line":118,"column":24},"end":{"line":120,"column":24}},"type":"cond-expr","locations":[{"start":{"line":119,"column":8},"end":{"line":119,"column":35}},{"start":{"line":120,"column":8},"end":{"line":120,"column":24}}],"line":118}},"s":{"0":7,"1":7,"2":2,"3":9,"4":9,"5":9,"6":9,"7":9,"8":9,"9":9,"10":9,"11":9,"12":9,"13":9,"14":9,"15":0,"16":0,"17":0,"18":0,"19":0,"20":0,"21":3,"22":0,"23":3,"24":0,"25":9,"26":0,"27":9,"28":9,"29":0,"30":9,"31":9,"32":9,"33":0,"34":9,"35":5,"36":0,"37":5,"38":9,"39":9,"40":0,"41":9,"42":9,"43":5,"44":5,"45":5,"46":9,"47":9,"48":7,"49":0,"50":7,"51":2,"52":2,"53":0,"54":0,"55":0,"56":0,"57":0,"58":9,"59":0,"60":9,"61":0,"62":9,"63":9,"64":0,"65":9,"66":9},"f":{"0":7,"1":2,"2":9,"3":0,"4":0,"5":0,"6":0,"7":3,"8":0,"9":9,"10":9,"11":9,"12":5,"13":9,"14":9,"15":5,"16":9,"17":0,"18":9},"b":{"0":[9],"1":[9],"2":[0,0],"3":[0,3],"4":[0,9],"5":[0,9],"6":[0,9],"7":[5],"8":[0,5],"9":[0,9],"10":[7,2],"11":[0,7],"12":[2,0],"13":[0,9],"14":[0,9],"15":[0,9],"16":[0,9]},"_coverageSchema":"43e27e138ebf9cfc5966b082cf9a028302ed4184","hash":"ab08c868d1fa2e4acc1b2a4a87b9a132156de9be"}
,"/Users/dmitriy/development/react-candidate-test/src/utils/params.js": {"path":"/Users/dmitriy/development/react-candidate-test/src/utils/params.js","statementMap":{"0":{"start":{"line":4,"column":2},"end":{"line":4,"column":56}}},"fnMap":{"0":{"name":"toParams","decl":{"start":{"line":3,"column":16},"end":{"line":3,"column":24}},"loc":{"start":{"line":3,"column":33},"end":{"line":5,"column":1}},"line":3}},"branchMap":{},"s":{"0":0},"f":{"0":0},"b":{},"_coverageSchema":"43e27e138ebf9cfc5966b082cf9a028302ed4184","hash":"9e5e12a32eceab7df0c34c25259db09784b3e956"}
,"/Users/dmitriy/development/react-candidate-test/src/utils/timeHelpers.js": {"path":"/Users/dmitriy/development/react-candidate-test/src/utils/timeHelpers.js","statementMap":{"0":{"start":{"line":5,"column":2},"end":{"line":7,"column":3}},"1":{"start":{"line":6,"column":4},"end":{"line":6,"column":13}},"2":{"start":{"line":8,"column":16},"end":{"line":8,"column":94}},"3":{"start":{"line":9,"column":14},"end":{"line":9,"column":86}},"4":{"start":{"line":10,"column":2},"end":{"line":10,"column":36}},"5":{"start":{"line":14,"column":15},"end":{"line":14,"column":25}},"6":{"start":{"line":15,"column":2},"end":{"line":15,"column":50}},"7":{"start":{"line":19,"column":15},"end":{"line":19,"column":47}},"8":{"start":{"line":20,"column":2},"end":{"line":20,"column":44}},"9":{"start":{"line":24,"column":2},"end":{"line":24,"column":51}}},"fnMap":{"0":{"name":"calculateDuration","decl":{"start":{"line":4,"column":16},"end":{"line":4,"column":33}},"loc":{"start":{"line":4,"column":54},"end":{"line":11,"column":1}},"line":4},"1":{"name":"getCurrentTimeInMinutes","decl":{"start":{"line":13,"column":16},"end":{"line":13,"column":39}},"loc":{"start":{"line":13,"column":42},"end":{"line":16,"column":1}},"line":13},"2":{"name":"getTimeInMinutes","decl":{"start":{"line":18,"column":16},"end":{"line":18,"column":32}},"loc":{"start":{"line":18,"column":39},"end":{"line":21,"column":1}},"line":18},"3":{"name":"getCurrentWeekday","decl":{"start":{"line":23,"column":16},"end":{"line":23,"column":33}},"loc":{"start":{"line":23,"column":36},"end":{"line":25,"column":1}},"line":23}},"branchMap":{"0":{"loc":{"start":{"line":5,"column":2},"end":{"line":7,"column":3}},"type":"if","locations":[{"start":{"line":5,"column":2},"end":{"line":7,"column":3}},{"start":{"line":5,"column":2},"end":{"line":7,"column":3}}],"line":5},"1":{"loc":{"start":{"line":5,"column":6},"end":{"line":5,"column":28}},"type":"binary-expr","locations":[{"start":{"line":5,"column":6},"end":{"line":5,"column":16}},{"start":{"line":5,"column":20},"end":{"line":5,"column":28}}],"line":5},"2":{"loc":{"start":{"line":8,"column":16},"end":{"line":8,"column":94}},"type":"cond-expr","locations":[{"start":{"line":8,"column":45},"end":{"line":8,"column":54}},{"start":{"line":8,"column":57},"end":{"line":8,"column":94}}],"line":8},"3":{"loc":{"start":{"line":9,"column":14},"end":{"line":9,"column":86}},"type":"cond-expr","locations":[{"start":{"line":9,"column":41},"end":{"line":9,"column":48}},{"start":{"line":9,"column":51},"end":{"line":9,"column":86}}],"line":9}},"s":{"0":0,"1":0,"2":0,"3":0,"4":0,"5":0,"6":0,"7":0,"8":0,"9":0},"f":{"0":0,"1":0,"2":0,"3":0},"b":{"0":[0,0],"1":[0,0],"2":[0,0],"3":[0,0]},"_coverageSchema":"43e27e138ebf9cfc5966b082cf9a028302ed4184","hash":"098ed6149f4e28557d023849ffd81b3d8a8ca0da"}
}
