TN:
SF:/Users/dmitriy/development/react-candidate-test/src/constants.js
FN:3,generateTimes
FNF:1
FNH:1
FNDA:3,generateTimes
DA:4,3
DA:5,3
DA:6,72
DA:8,3
DA:11,3
DA:12,3
DA:13,3
DA:14,3
DA:15,3
DA:16,3
DA:18,3
DA:19,3
DA:20,3
DA:21,3
DA:24,3
LF:15
LH:15
BRDA:6,0,0,30
BRDA:6,0,1,42
BRF:2
BRH:2
end_of_record
TN:
SF:/Users/dmitriy/development/react-candidate-test/src/routes.js
FN:4,defRoute
FN:7,(anonymous_1)
FNF:2
FNH:1
FNDA:1,defRoute
FNDA:0,(anonymous_1)
DA:5,1
DA:7,0
DA:11,1
LF:3
LH:2
BRDA:7,0,0,0
BRF:1
BRH:0
end_of_record
TN:
SF:/Users/dmitriy/development/react-candidate-test/src/components/button/index.jsx
FN:5,(anonymous_0)
FNF:1
FNH:1
FNDA:16,(anonymous_0)
DA:5,4
DA:13,16
LF:2
LH:2
BRDA:9,0,0,16
BRDA:10,1,0,16
BRF:2
BRH:2
end_of_record
TN:
SF:/Users/dmitriy/development/react-candidate-test/src/components/footer/index.jsx
FN:3,(anonymous_0)
FNF:1
FNH:1
FNDA:1,(anonymous_0)
DA:3,2
DA:4,1
LF:2
LH:2
BRF:0
BRH:0
end_of_record
TN:
SF:/Users/dmitriy/development/react-candidate-test/src/components/header/index.jsx
FN:5,(anonymous_0)
FNF:1
FNH:1
FNDA:1,(anonymous_0)
DA:5,2
DA:6,1
LF:2
LH:2
BRF:0
BRH:0
end_of_record
TN:
SF:/Users/dmitriy/development/react-candidate-test/src/components/icons/backIcon.jsx
FN:3,(anonymous_0)
FNF:1
FNH:1
FNDA:1,(anonymous_0)
DA:3,2
DA:4,1
LF:2
LH:2
BRF:0
BRH:0
end_of_record
TN:
SF:/Users/dmitriy/development/react-candidate-test/src/components/icons/clockIcon.jsx
FN:3,(anonymous_0)
FNF:1
FNH:1
FNDA:1,(anonymous_0)
DA:3,2
DA:4,1
LF:2
LH:2
BRF:0
BRH:0
end_of_record
TN:
SF:/Users/dmitriy/development/react-candidate-test/src/components/icons/favoriteIcon.jsx
FN:3,(anonymous_0)
FNF:1
FNH:1
FNDA:1,(anonymous_0)
DA:3,2
DA:4,1
LF:2
LH:2
BRF:0
BRH:0
end_of_record
TN:
SF:/Users/dmitriy/development/react-candidate-test/src/components/icons/homeIcon.jsx
FN:3,(anonymous_0)
FNF:1
FNH:1
FNDA:1,(anonymous_0)
DA:3,2
DA:4,1
LF:2
LH:2
BRF:0
BRH:0
end_of_record
TN:
SF:/Users/dmitriy/development/react-candidate-test/src/components/icons/index.js
FNF:0
FNH:0
LF:0
LH:0
BRF:0
BRH:0
end_of_record
TN:
SF:/Users/dmitriy/development/react-candidate-test/src/components/icons/listIcon.jsx
FN:3,(anonymous_0)
FNF:1
FNH:1
FNDA:1,(anonymous_0)
DA:3,2
DA:4,1
LF:2
LH:2
BRF:0
BRH:0
end_of_record
TN:
SF:/Users/dmitriy/development/react-candidate-test/src/components/icons/repeatIcon.jsx
FN:3,(anonymous_0)
FNF:1
FNH:1
FNDA:1,(anonymous_0)
DA:3,2
DA:4,1
LF:2
LH:2
BRF:0
BRH:0
end_of_record
TN:
SF:/Users/dmitriy/development/react-candidate-test/src/components/icons/searchIcon.jsx
FN:4,(anonymous_0)
FNF:1
FNH:1
FNDA:1,(anonymous_0)
DA:5,1
LF:1
LH:1
BRF:0
BRH:0
end_of_record
TN:
SF:/Users/dmitriy/development/react-candidate-test/src/components/icons/tvIcon.jsx
FN:3,(anonymous_0)
FNF:1
FNH:1
FNDA:1,(anonymous_0)
DA:3,2
DA:4,1
LF:2
LH:2
BRF:0
BRH:0
end_of_record
TN:
SF:/Users/dmitriy/development/react-candidate-test/src/components/icons/userIcon.jsx
FN:3,(anonymous_0)
FNF:1
FNH:1
FNDA:1,(anonymous_0)
DA:3,2
DA:4,1
LF:2
LH:2
BRF:0
BRH:0
end_of_record
TN:
SF:/Users/dmitriy/development/react-candidate-test/src/components/spinner/index.jsx
FN:4,(anonymous_0)
FNF:1
FNH:1
FNDA:1,(anonymous_0)
DA:4,2
DA:5,1
LF:2
LH:2
BRF:0
BRH:0
end_of_record
TN:
SF:/Users/dmitriy/development/react-candidate-test/src/containers/app/index.jsx
FN:12,(anonymous_0)
FN:34,(anonymous_1)
FNF:2
FNH:2
FNDA:1,(anonymous_0)
FNDA:1,(anonymous_1)
DA:13,1
DA:35,1
LF:2
LH:2
BRF:0
BRH:0
end_of_record
TN:
SF:/Users/dmitriy/development/react-candidate-test/src/containers/channels/index.jsx
FN:15,(anonymous_0)
FN:30,(anonymous_1)
FN:36,(anonymous_2)
FN:40,(anonymous_3)
FN:44,(anonymous_4)
FN:48,(anonymous_5)
FN:52,(anonymous_6)
FN:56,(anonymous_7)
FN:69,(anonymous_8)
FNF:9
FNH:0
FNDA:0,(anonymous_0)
FNDA:0,(anonymous_1)
FNDA:0,(anonymous_2)
FNDA:0,(anonymous_3)
FNDA:0,(anonymous_4)
FNDA:0,(anonymous_5)
FNDA:0,(anonymous_6)
FNDA:0,(anonymous_7)
FNDA:0,(anonymous_8)
DA:15,1
DA:19,1
DA:31,0
DA:32,0
DA:33,0
DA:37,0
DA:41,0
DA:45,0
DA:49,0
DA:57,0
DA:70,0
DA:71,0
DA:73,0
DA:75,0
LF:14
LH:2
BRDA:73,0,0,0
BRDA:73,0,1,0
BRF:2
BRH:0
end_of_record
TN:
SF:/Users/dmitriy/development/react-candidate-test/src/containers/channels/cardItem/index.jsx
FN:4,(anonymous_0)
FNF:1
FNH:1
FNDA:1,(anonymous_0)
DA:4,2
DA:5,1
LF:2
LH:2
BRF:0
BRH:0
end_of_record
TN:
SF:/Users/dmitriy/development/react-candidate-test/src/containers/channels/nowButton/index.jsx
FN:5,(anonymous_0)
FNF:1
FNH:1
FNDA:1,(anonymous_0)
DA:5,2
DA:6,1
LF:2
LH:2
BRF:0
BRH:0
end_of_record
TN:
SF:/Users/dmitriy/development/react-candidate-test/src/containers/channels/programTable/index.jsx
FN:19,(anonymous_0)
FN:24,(anonymous_1)
FN:29,(anonymous_2)
FN:35,(anonymous_3)
FN:47,(anonymous_4)
FN:65,(anonymous_5)
FN:87,(anonymous_6)
FN:98,(anonymous_7)
FNF:8
FNH:0
FNDA:0,(anonymous_0)
FNDA:0,(anonymous_1)
FNDA:0,(anonymous_2)
FNDA:0,(anonymous_3)
FNDA:0,(anonymous_4)
FNDA:0,(anonymous_5)
FNDA:0,(anonymous_6)
FNDA:0,(anonymous_7)
DA:16,1
DA:20,0
DA:21,0
DA:25,0
DA:26,0
DA:30,0
DA:31,0
DA:32,0
DA:36,0
DA:48,0
DA:49,0
DA:50,0
DA:51,0
DA:66,0
DA:88,0
DA:99,0
DA:100,0
LF:17
LH:1
BRDA:26,0,0,0
BRDA:26,0,1,0
BRDA:54,1,0,0
BRDA:54,1,1,0
BRF:4
BRH:0
end_of_record
TN:
SF:/Users/dmitriy/development/react-candidate-test/src/containers/channels/timeScale/index.jsx
FN:9,(anonymous_0)
FN:29,(anonymous_1)
FN:37,(anonymous_2)
FNF:3
FNH:3
FNDA:1,(anonymous_0)
FNDA:1,(anonymous_1)
FNDA:24,(anonymous_2)
DA:5,2
DA:10,1
DA:11,1
DA:13,1
DA:30,1
DA:31,1
DA:32,1
DA:38,24
LF:8
LH:8
BRDA:52,0,0,24
BRDA:52,0,1,1
BRF:2
BRH:2
end_of_record
TN:
SF:/Users/dmitriy/development/react-candidate-test/src/containers/channels/weekdaySelector/index.jsx
FN:8,(anonymous_0)
FN:16,(anonymous_1)
FN:25,(anonymous_2)
FNF:3
FNH:3
FNDA:14,(anonymous_0)
FNDA:1,(anonymous_1)
FNDA:2,(anonymous_2)
DA:9,14
DA:10,14
DA:11,14
DA:12,14
DA:16,1
DA:26,2
DA:27,2
LF:7
LH:7
BRDA:17,0,0,14
BRDA:17,0,1,2
BRF:2
BRH:2
end_of_record
TN:
SF:/Users/dmitriy/development/react-candidate-test/src/redux/channels/channels.actions.js
FNF:0
FNH:0
DA:3,1
LF:1
LH:1
BRF:0
BRH:0
end_of_record
TN:
SF:/Users/dmitriy/development/react-candidate-test/src/redux/channels/channels.reducer.js
FN:5,(anonymous_0)
FN:6,(anonymous_1)
FN:8,(anonymous_2)
FNF:3
FNH:0
FNDA:0,(anonymous_0)
FNDA:0,(anonymous_1)
FNDA:0,(anonymous_2)
DA:5,1
DA:6,0
DA:8,0
DA:15,0
DA:20,1
LF:5
LH:2
BRF:0
BRH:0
end_of_record
TN:
SF:/Users/dmitriy/development/react-candidate-test/src/redux/channels/channels.saga.js
FN:6,(anonymous_0)
FN:9,channelsSaga
FNF:2
FNH:0
FNDA:0,(anonymous_0)
FNDA:0,channelsSaga
DA:5,1
DA:6,0
DA:10,0
LF:3
LH:1
BRF:0
BRH:0
end_of_record
TN:
SF:/Users/dmitriy/development/react-candidate-test/src/redux/channels/index.js
FNF:0
FNH:0
LF:0
LH:0
BRF:0
BRH:0
end_of_record
TN:
SF:/Users/dmitriy/development/react-candidate-test/src/utils/api.js
FN:3,parseJSON
FN:6,(anonymous_1)
FN:7,(anonymous_2)
FN:10,checkStatus
FN:13,(anonymous_4)
FN:18,timeoutPromise
FN:20,(anonymous_6)
FN:20,(anonymous_7)
FN:24,(anonymous_8)
FN:26,(anonymous_9)
FN:32,apiFetch
FNF:11
FNH:0
FNDA:0,parseJSON
FNDA:0,(anonymous_1)
FNDA:0,(anonymous_2)
FNDA:0,checkStatus
FNDA:0,(anonymous_4)
FNDA:0,timeoutPromise
FNDA:0,(anonymous_6)
FNDA:0,(anonymous_7)
FNDA:0,(anonymous_8)
FNDA:0,(anonymous_9)
FNDA:0,apiFetch
DA:1,1
DA:4,0
DA:6,0
DA:7,0
DA:11,0
DA:12,0
DA:14,0
DA:20,0
DA:21,0
DA:22,0
DA:24,0
DA:25,0
DA:26,0
DA:27,0
DA:33,0
DA:34,0
DA:35,0
DA:36,0
DA:37,0
LF:19
LH:1
BRDA:11,0,0,0
BRDA:11,0,1,0
BRDA:34,1,0,0
BRDA:34,1,1,0
BRDA:35,2,0,0
BRDA:35,2,1,0
BRF:6
BRH:0
end_of_record
TN:
SF:/Users/dmitriy/development/react-candidate-test/src/utils/defAction.js
FN:9,makeActionName
FN:10,(anonymous_1)
FN:28,defRequestActions
FN:30,(anonymous_3)
FN:34,(anonymous_4)
FNF:5
FNH:4
FNDA:3,makeActionName
FNDA:6,(anonymous_1)
FNDA:1,defRequestActions
FNDA:3,(anonymous_3)
FNDA:0,(anonymous_4)
DA:3,1
DA:10,6
DA:29,1
DA:31,3
DA:32,3
DA:34,0
DA:39,3
LF:7
LH:6
BRDA:34,0,0,0
BRF:1
BRH:0
end_of_record
TN:
SF:/Users/dmitriy/development/react-candidate-test/src/utils/defReducer.js
FN:11,(anonymous_0)
FN:13,defReducer
FN:14,(anonymous_2)
FNF:3
FNH:1
FNDA:0,(anonymous_0)
FNDA:1,defReducer
FNDA:0,(anonymous_2)
DA:3,1
DA:11,1
DA:14,1
DA:15,0
DA:17,0
DA:25,0
DA:26,0
DA:27,0
DA:28,0
DA:36,0
DA:44,0
LF:11
LH:3
BRDA:14,0,0,0
BRDA:15,1,0,0
BRDA:15,1,1,0
BRDA:15,1,2,0
BRDA:15,1,3,0
BRF:5
BRH:0
end_of_record
TN:
SF:/Users/dmitriy/development/react-candidate-test/src/utils/defSaga.js
FN:9,buildFetch
FN:15,fetchRequest
FN:52,defRequestSaga
FN:67,takeEveryRequest
FN:71,sagaApiFetch
FNF:5
FNH:0
FNDA:0,buildFetch
FNDA:0,fetchRequest
FNDA:0,defRequestSaga
FNDA:0,takeEveryRequest
FNDA:0,sagaApiFetch
DA:7,1
DA:15,0
DA:16,0
DA:17,0
DA:18,0
DA:19,0
DA:32,0
DA:33,0
DA:34,0
DA:35,0
DA:37,0
DA:38,0
DA:40,0
DA:41,0
DA:42,0
DA:44,0
DA:45,0
DA:46,0
DA:47,0
DA:57,0
DA:64,0
DA:68,0
DA:75,0
DA:76,0
LF:24
LH:1
BRDA:18,0,0,0
BRDA:18,0,1,0
BRDA:19,1,0,0
BRDA:19,1,1,0
BRDA:40,2,0,0
BRDA:40,2,1,0
BRDA:44,3,0,0
BRDA:44,3,1,0
BRDA:55,4,0,0
BRDA:73,5,0,0
BRF:10
BRH:0
end_of_record
TN:
SF:/Users/dmitriy/development/react-candidate-test/src/utils/pageObjectBase.js
FN:6,(anonymous_0)
FN:7,(anonymous_1)
FN:11,(anonymous_2)
FN:30,(anonymous_3)
FN:34,(anonymous_4)
FN:38,(anonymous_5)
FN:45,(anonymous_6)
FN:49,(anonymous_7)
FN:53,(anonymous_8)
FN:56,(anonymous_9)
FN:61,(anonymous_10)
FN:67,(anonymous_11)
FN:72,(anonymous_12)
FN:77,(anonymous_13)
FN:83,(anonymous_14)
FN:84,(anonymous_15)
FN:93,(anonymous_16)
FN:101,(anonymous_17)
FN:109,(anonymous_18)
FNF:19
FNH:13
FNDA:7,(anonymous_0)
FNDA:2,(anonymous_1)
FNDA:9,(anonymous_2)
FNDA:0,(anonymous_3)
FNDA:0,(anonymous_4)
FNDA:0,(anonymous_5)
FNDA:0,(anonymous_6)
FNDA:3,(anonymous_7)
FNDA:0,(anonymous_8)
FNDA:9,(anonymous_9)
FNDA:9,(anonymous_10)
FNDA:9,(anonymous_11)
FNDA:5,(anonymous_12)
FNDA:9,(anonymous_13)
FNDA:9,(anonymous_14)
FNDA:5,(anonymous_15)
FNDA:9,(anonymous_16)
FNDA:0,(anonymous_17)
FNDA:9,(anonymous_18)
DA:5,7
DA:6,7
DA:7,2
DA:15,9
DA:16,9
DA:17,9
DA:18,9
DA:19,9
DA:20,9
DA:22,9
DA:23,9
DA:24,9
DA:25,9
DA:26,9
DA:27,9
DA:31,0
DA:35,0
DA:39,0
DA:40,0
DA:42,0
DA:46,0
DA:50,3
DA:51,0
DA:53,3
DA:57,9
DA:58,9
DA:62,9
DA:63,9
DA:64,9
DA:68,9
DA:69,9
DA:73,5
DA:74,5
DA:78,9
DA:79,9
DA:80,9
DA:84,9
DA:85,5
DA:86,5
DA:87,5
DA:90,9
DA:94,9
DA:95,7
DA:96,0
DA:98,7
DA:100,2
DA:101,0
DA:102,0
DA:103,0
DA:104,0
DA:106,0
DA:110,9
DA:111,9
DA:112,0
DA:114,9
DA:115,9
DA:116,0
DA:118,9
DA:121,9
LF:59
LH:44
BRDA:11,0,0,9
BRDA:12,1,0,9
BRDA:39,2,0,0
BRDA:39,2,1,0
BRDA:50,3,0,0
BRDA:50,3,1,3
BRDA:57,4,0,0
BRDA:57,4,1,9
BRDA:62,5,0,0
BRDA:62,5,1,9
BRDA:68,6,0,0
BRDA:68,6,1,9
BRDA:72,7,0,5
BRDA:73,8,0,0
BRDA:73,8,1,5
BRDA:79,9,0,0
BRDA:79,9,1,9
BRDA:94,10,0,7
BRDA:94,10,1,2
BRDA:95,11,0,0
BRDA:95,11,1,7
BRDA:100,12,0,2
BRDA:100,12,1,0
BRDA:110,13,0,0
BRDA:110,13,1,9
BRDA:111,14,0,0
BRDA:111,14,1,9
BRDA:115,15,0,0
BRDA:115,15,1,9
BRDA:118,16,0,0
BRDA:118,16,1,9
BRF:31
BRH:17
end_of_record
TN:
SF:/Users/dmitriy/development/react-candidate-test/src/utils/params.js
FN:3,toParams
FNF:1
FNH:0
FNDA:0,toParams
DA:4,0
LF:1
LH:0
BRF:0
BRH:0
end_of_record
TN:
SF:/Users/dmitriy/development/react-candidate-test/src/utils/timeHelpers.js
FN:4,calculateDuration
FN:13,getCurrentTimeInMinutes
FN:18,getTimeInMinutes
FN:23,getCurrentWeekday
FNF:4
FNH:0
FNDA:0,calculateDuration
FNDA:0,getCurrentTimeInMinutes
FNDA:0,getTimeInMinutes
FNDA:0,getCurrentWeekday
DA:5,0
DA:6,0
DA:8,0
DA:9,0
DA:10,0
DA:14,0
DA:15,0
DA:19,0
DA:20,0
DA:24,0
LF:10
LH:0
BRDA:5,0,0,0
BRDA:5,0,1,0
BRDA:5,1,0,0
BRDA:5,1,1,0
BRDA:8,2,0,0
BRDA:8,2,1,0
BRDA:9,3,0,0
BRDA:9,3,1,0
BRF:8
BRH:0
end_of_record
